#
# There is insufficient memory for the Java Runtime Environment to continue.
# Native memory allocation (malloc) failed to allocate 137136 bytes for Chunk::new
# Possible reasons:
#   The system is out of physical RAM or swap space
#   The process is running with CompressedOops enabled, and the Java Heap may be blocking the growth of the native heap
# Possible solutions:
#   Reduce memory load on the system
#   Increase physical memory or swap space
#   Check if swap backing store is full
#   Decrease Java heap size (-Xmx/-Xms)
#   Decrease number of Java threads
#   Decrease Java thread stack sizes (-Xss)
#   Set larger code cache with -XX:ReservedCodeCacheSize=
#   JVM is running with Unscaled Compressed Oops mode in which the Java heap is
#     placed in the first 4GB address space. The Java Heap base address is the
#     maximum limit for the native heap growth. Please use -XX:HeapBaseMinAddress
#     to set the Java Heap base and to place the Java Heap above 4GB virtual address.
# This output file may be truncated or incomplete.
#
#  Out of Memory Error (t:/workspace/open/src/hotspot/share/memory/arena.cpp:197), pid=24788, tid=8608
#
# JRE version: Java(TM) SE Runtime Environment (12.0.2+10) (build 12.0.2+10)
# Java VM: Java HotSpot(TM) 64-Bit Server VM (12.0.2+10, mixed mode, sharing, tiered, compressed oops, g1 gc, windows-amd64)
# No core dump will be written. Minidumps are not enabled by default on client versions of Windows
#

---------------  S U M M A R Y ------------

Command Line: -Xmx64m -Xms64m -Dorg.gradle.appname=gradlew org.gradle.wrapper.GradleWrapperMain assembleRelease

Host: AMD Ryzen 5 4600H with Radeon Graphics         , 12 cores, 7G,  Windows 10 , 64 bit Build 22621 (10.0.22621.3527)
Time: Thu Jun 13 16:13:17 2024 India Standard Time elapsed time: 132 seconds (0d 0h 2m 12s)

---------------  T H R E A D  ---------------

Current thread (0x000001ef9f9d6800):  JavaThread "C2 CompilerThread0" daemon [_thread_in_native, id=8608, stack(0x0000009f6fe00000,0x0000009f6ff00000)]


Current CompileTask:
C2: 132356 1732 %     4       sun.nio.cs.SingleByte$Encoder::encodeArrayLoop @ 70 (233 bytes)

Stack: [0x0000009f6fe00000,0x0000009f6ff00000]
Native frames: (J=compiled Java code, j=interpreted, Vv=VM code, C=native code)
V  [jvm.dll+0x63aa2a]
V  [jvm.dll+0x78ce1e]
V  [jvm.dll+0x78e4c1]
V  [jvm.dll+0x78eb13]
V  [jvm.dll+0x2627e8]
V  [jvm.dll+0xc55cc]
V  [jvm.dll+0xc5b4c]
V  [jvm.dll+0x37a632]
V  [jvm.dll+0x3463d3]
V  [jvm.dll+0x34579a]
V  [jvm.dll+0x21c205]
V  [jvm.dll+0x21b3da]
V  [jvm.dll+0x199a20]
V  [jvm.dll+0x22a744]
V  [jvm.dll+0x228d98]
V  [jvm.dll+0x7512a0]
V  [jvm.dll+0x74a2c8]
V  [jvm.dll+0x639b16]
C  [ucrtbase.dll+0x29333]
C  [KERNEL32.DLL+0x1257d]
C  [ntdll.dll+0x5aa48]


---------------  P R O C E S S  ---------------

Threads class SMR info:
_java_thread_list=0x000001efa0437c20, length=13, elements={
0x000001ef85267800, 0x000001ef9f9b4800, 0x000001ef9f9b9000, 0x000001ef9f9d3000,
0x000001ef9f9d4800, 0x000001ef9f9d6800, 0x000001ef9f9d9800, 0x000001ef9f9df000,
0x000001efa0437000, 0x000001efa0448800, 0x000001efa11bf800, 0x000001efa13da000,
0x000001efa0dd7000
}

Java Threads: ( => current thread )
  0x000001ef85267800 JavaThread "main" [_thread_blocked, id=19888, stack(0x0000009f6f300000,0x0000009f6f400000)]
  0x000001ef9f9b4800 JavaThread "Reference Handler" daemon [_thread_blocked, id=5528, stack(0x0000009f6fa00000,0x0000009f6fb00000)]
  0x000001ef9f9b9000 JavaThread "Finalizer" daemon [_thread_blocked, id=24600, stack(0x0000009f6fb00000,0x0000009f6fc00000)]
  0x000001ef9f9d3000 JavaThread "Signal Dispatcher" daemon [_thread_blocked, id=18672, stack(0x0000009f6fc00000,0x0000009f6fd00000)]
  0x000001ef9f9d4800 JavaThread "Attach Listener" daemon [_thread_blocked, id=4040, stack(0x0000009f6fd00000,0x0000009f6fe00000)]
=>0x000001ef9f9d6800 JavaThread "C2 CompilerThread0" daemon [_thread_in_native, id=8608, stack(0x0000009f6fe00000,0x0000009f6ff00000)]
  0x000001ef9f9d9800 JavaThread "C1 CompilerThread0" daemon [_thread_blocked, id=15448, stack(0x0000009f6ff00000,0x0000009f70000000)]
  0x000001ef9f9df000 JavaThread "Sweeper thread" daemon [_thread_blocked, id=23148, stack(0x0000009f70000000,0x0000009f70100000)]
  0x000001efa0437000 JavaThread "Service Thread" daemon [_thread_blocked, id=11328, stack(0x0000009f70100000,0x0000009f70200000)]
  0x000001efa0448800 JavaThread "Common-Cleaner" daemon [_thread_blocked, id=25348, stack(0x0000009f70300000,0x0000009f70400000)]
  0x000001efa11bf800 JavaThread "pool-1-thread-1" [_thread_in_Java, id=20856, stack(0x0000009f70600000,0x0000009f70700000)]
  0x000001efa13da000 JavaThread "DisconnectableInputStream source reader" daemon [_thread_in_native, id=20528, stack(0x0000009f70700000,0x0000009f70800000)]
  0x000001efa0dd7000 JavaThread "Forward input" [_thread_blocked, id=23404, stack(0x0000009f70800000,0x0000009f70900000)]

Other Threads:
  0x000001ef9f9b3000 VMThread "VM Thread" [stack: 0x0000009f6f900000,0x0000009f6fa00000] [id=25212]
  0x000001efa0443000 WatcherThread [stack: 0x0000009f70200000,0x0000009f70300000] [id=22040]
  0x000001ef85283800 GCTaskThread "GC Thread#0" [stack: 0x0000009f6f400000,0x0000009f6f500000] [id=13320]
  0x000001efa0ea6000 GCTaskThread "GC Thread#1" [stack: 0x0000009f70500000,0x0000009f70600000] [id=11500]
  0x000001ef85286800 ConcurrentGCThread "G1 Main Marker" [stack: 0x0000009f6f500000,0x0000009f6f600000] [id=24848]
  0x000001ef85288000 ConcurrentGCThread "G1 Conc#0" [stack: 0x0000009f6f600000,0x0000009f6f700000] [id=10660]
  0x000001ef852fe800 ConcurrentGCThread "G1 Refine#0" [stack: 0x0000009f6f700000,0x0000009f6f800000] [id=13592]
  0x000001ef85301000 ConcurrentGCThread "G1 Young RemSet Sampling" [stack: 0x0000009f6f800000,0x0000009f6f900000] [id=21980]

Threads with active compile tasks:
C2 CompilerThread0  1732 %     4       sun.nio.cs.SingleByte$Encoder::encodeArrayLoop @ 70 (233 bytes)
C1 CompilerThread0  1745       3       org.gradle.internal.logging.text.AbstractLineChoppingStyledTextOutput$3::execute (9 bytes)

VM state:not at safepoint (normal execution)

VM Mutex/Monitor currently owned by a thread: None

Heap address: 0x00000000fc000000, size: 64 MB, Compressed Oops mode: 32-bit
Narrow klass base: 0x0000000800000000, Narrow klass shift: 3
Compressed class space size: 1073741824 Address: 0x0000000801190000

Heap:
 garbage-first heap   total 65536K, used 34904K [0x00000000fc000000, 0x0000000100000000)
  region size 1024K, 28 young (28672K), 3 survivors (3072K)
 Metaspace       used 9039K, capacity 9738K, committed 9856K, reserved 1058816K
  class space    used 1186K, capacity 1294K, committed 1408K, reserved 1048576K
Heap Regions: E=young(eden), S=young(survivor), O=old, HS=humongous(starts), HC=humongous(continues), CS=collection set, F=free, A=archive, TAMS=top-at-mark-start (previous, next)
|   0|0x00000000fc000000, 0x00000000fc100000, 0x00000000fc100000|100%|HS|  |TAMS 0x00000000fc000000, 0x00000000fc000000| Complete 
|   1|0x00000000fc100000, 0x00000000fc200000, 0x00000000fc200000|100%|HC|  |TAMS 0x00000000fc100000, 0x00000000fc100000| Complete 
|   2|0x00000000fc200000, 0x00000000fc300000, 0x00000000fc300000|100%|HC|  |TAMS 0x00000000fc200000, 0x00000000fc200000| Complete 
|   3|0x00000000fc300000, 0x00000000fc400000, 0x00000000fc400000|100%|HC|  |TAMS 0x00000000fc300000, 0x00000000fc300000| Complete 
|   4|0x00000000fc400000, 0x00000000fc500000, 0x00000000fc500000|100%| O|  |TAMS 0x00000000fc400000, 0x00000000fc400000| Untracked 
|   5|0x00000000fc500000, 0x00000000fc600000, 0x00000000fc600000|100%| O|  |TAMS 0x00000000fc500000, 0x00000000fc500000| Untracked 
|   6|0x00000000fc600000, 0x00000000fc700000, 0x00000000fc700000|100%| O|  |TAMS 0x00000000fc600000, 0x00000000fc600000| Untracked 
|   7|0x00000000fc700000, 0x00000000fc716000, 0x00000000fc800000|  8%| O|  |TAMS 0x00000000fc700000, 0x00000000fc700000| Untracked 
|   8|0x00000000fc800000, 0x00000000fc800000, 0x00000000fc900000|  0%| F|  |TAMS 0x00000000fc800000, 0x00000000fc800000| Untracked 
|   9|0x00000000fc900000, 0x00000000fc900000, 0x00000000fca00000|  0%| F|  |TAMS 0x00000000fc900000, 0x00000000fc900000| Untracked 
|  10|0x00000000fca00000, 0x00000000fca00000, 0x00000000fcb00000|  0%| F|  |TAMS 0x00000000fca00000, 0x00000000fca00000| Untracked 
|  11|0x00000000fcb00000, 0x00000000fcb00000, 0x00000000fcc00000|  0%| F|  |TAMS 0x00000000fcb00000, 0x00000000fcb00000| Untracked 
|  12|0x00000000fcc00000, 0x00000000fcc00000, 0x00000000fcd00000|  0%| F|  |TAMS 0x00000000fcc00000, 0x00000000fcc00000| Untracked 
|  13|0x00000000fcd00000, 0x00000000fcd00000, 0x00000000fce00000|  0%| F|  |TAMS 0x00000000fcd00000, 0x00000000fcd00000| Untracked 
|  14|0x00000000fce00000, 0x00000000fce00000, 0x00000000fcf00000|  0%| F|  |TAMS 0x00000000fce00000, 0x00000000fce00000| Untracked 
|  15|0x00000000fcf00000, 0x00000000fcf00000, 0x00000000fd000000|  0%| F|  |TAMS 0x00000000fcf00000, 0x00000000fcf00000| Untracked 
|  16|0x00000000fd000000, 0x00000000fd000000, 0x00000000fd100000|  0%| F|  |TAMS 0x00000000fd000000, 0x00000000fd000000| Untracked 
|  17|0x00000000fd100000, 0x00000000fd100000, 0x00000000fd200000|  0%| F|  |TAMS 0x00000000fd100000, 0x00000000fd100000| Untracked 
|  18|0x00000000fd200000, 0x00000000fd200000, 0x00000000fd300000|  0%| F|  |TAMS 0x00000000fd200000, 0x00000000fd200000| Untracked 
|  19|0x00000000fd300000, 0x00000000fd300000, 0x00000000fd400000|  0%| F|  |TAMS 0x00000000fd300000, 0x00000000fd300000| Untracked 
|  20|0x00000000fd400000, 0x00000000fd400000, 0x00000000fd500000|  0%| F|  |TAMS 0x00000000fd400000, 0x00000000fd400000| Untracked 
|  21|0x00000000fd500000, 0x00000000fd500000, 0x00000000fd600000|  0%| F|  |TAMS 0x00000000fd500000, 0x00000000fd500000| Untracked 
|  22|0x00000000fd600000, 0x00000000fd600000, 0x00000000fd700000|  0%| F|  |TAMS 0x00000000fd600000, 0x00000000fd600000| Untracked 
|  23|0x00000000fd700000, 0x00000000fd700000, 0x00000000fd800000|  0%| F|  |TAMS 0x00000000fd700000, 0x00000000fd700000| Untracked 
|  24|0x00000000fd800000, 0x00000000fd800000, 0x00000000fd900000|  0%| F|  |TAMS 0x00000000fd800000, 0x00000000fd800000| Untracked 
|  25|0x00000000fd900000, 0x00000000fd900000, 0x00000000fda00000|  0%| F|  |TAMS 0x00000000fd900000, 0x00000000fd900000| Untracked 
|  26|0x00000000fda00000, 0x00000000fda00000, 0x00000000fdb00000|  0%| F|  |TAMS 0x00000000fda00000, 0x00000000fda00000| Untracked 
|  27|0x00000000fdb00000, 0x00000000fdb00000, 0x00000000fdc00000|  0%| F|  |TAMS 0x00000000fdb00000, 0x00000000fdb00000| Untracked 
|  28|0x00000000fdc00000, 0x00000000fdc00000, 0x00000000fdd00000|  0%| F|  |TAMS 0x00000000fdc00000, 0x00000000fdc00000| Untracked 
|  29|0x00000000fdd00000, 0x00000000fdd00000, 0x00000000fde00000|  0%| F|  |TAMS 0x00000000fdd00000, 0x00000000fdd00000| Untracked 
|  30|0x00000000fde00000, 0x00000000fde00000, 0x00000000fdf00000|  0%| F|  |TAMS 0x00000000fde00000, 0x00000000fde00000| Untracked 
|  31|0x00000000fdf00000, 0x00000000fdf00000, 0x00000000fe000000|  0%| F|  |TAMS 0x00000000fdf00000, 0x00000000fdf00000| Untracked 
|  32|0x00000000fe000000, 0x00000000fe000000, 0x00000000fe100000|  0%| F|  |TAMS 0x00000000fe000000, 0x00000000fe000000| Untracked 
|  33|0x00000000fe100000, 0x00000000fe100000, 0x00000000fe200000|  0%| F|  |TAMS 0x00000000fe100000, 0x00000000fe100000| Untracked 
|  34|0x00000000fe200000, 0x00000000fe200000, 0x00000000fe300000|  0%| F|  |TAMS 0x00000000fe200000, 0x00000000fe200000| Untracked 
|  35|0x00000000fe300000, 0x00000000fe300000, 0x00000000fe400000|  0%| F|  |TAMS 0x00000000fe300000, 0x00000000fe300000| Untracked 
|  36|0x00000000fe400000, 0x00000000fe4c3108, 0x00000000fe500000| 76%| E|  |TAMS 0x00000000fe400000, 0x00000000fe400000| Complete 
|  37|0x00000000fe500000, 0x00000000fe600000, 0x00000000fe600000|100%| S|CS|TAMS 0x00000000fe500000, 0x00000000fe500000| Complete 
|  38|0x00000000fe600000, 0x00000000fe700000, 0x00000000fe700000|100%| S|CS|TAMS 0x00000000fe600000, 0x00000000fe600000| Complete 
|  39|0x00000000fe700000, 0x00000000fe800000, 0x00000000fe800000|100%| S|CS|TAMS 0x00000000fe700000, 0x00000000fe700000| Complete 
|  40|0x00000000fe800000, 0x00000000fe900000, 0x00000000fe900000|100%| E|CS|TAMS 0x00000000fe800000, 0x00000000fe800000| Complete 
|  41|0x00000000fe900000, 0x00000000fea00000, 0x00000000fea00000|100%| E|CS|TAMS 0x00000000fe900000, 0x00000000fe900000| Complete 
|  42|0x00000000fea00000, 0x00000000feb00000, 0x00000000feb00000|100%| E|CS|TAMS 0x00000000fea00000, 0x00000000fea00000| Complete 
|  43|0x00000000feb00000, 0x00000000fec00000, 0x00000000fec00000|100%| E|CS|TAMS 0x00000000feb00000, 0x00000000feb00000| Complete 
|  44|0x00000000fec00000, 0x00000000fed00000, 0x00000000fed00000|100%| E|CS|TAMS 0x00000000fec00000, 0x00000000fec00000| Complete 
|  45|0x00000000fed00000, 0x00000000fee00000, 0x00000000fee00000|100%| E|CS|TAMS 0x00000000fed00000, 0x00000000fed00000| Complete 
|  46|0x00000000fee00000, 0x00000000fef00000, 0x00000000fef00000|100%| E|CS|TAMS 0x00000000fee00000, 0x00000000fee00000| Complete 
|  47|0x00000000fef00000, 0x00000000ff000000, 0x00000000ff000000|100%| E|CS|TAMS 0x00000000fef00000, 0x00000000fef00000| Complete 
|  48|0x00000000ff000000, 0x00000000ff100000, 0x00000000ff100000|100%| E|CS|TAMS 0x00000000ff000000, 0x00000000ff000000| Complete 
|  49|0x00000000ff100000, 0x00000000ff200000, 0x00000000ff200000|100%| E|CS|TAMS 0x00000000ff100000, 0x00000000ff100000| Complete 
|  50|0x00000000ff200000, 0x00000000ff300000, 0x00000000ff300000|100%| E|CS|TAMS 0x00000000ff200000, 0x00000000ff200000| Complete 
|  51|0x00000000ff300000, 0x00000000ff400000, 0x00000000ff400000|100%| E|CS|TAMS 0x00000000ff300000, 0x00000000ff300000| Complete 
|  52|0x00000000ff400000, 0x00000000ff500000, 0x00000000ff500000|100%| E|CS|TAMS 0x00000000ff400000, 0x00000000ff400000| Complete 
|  53|0x00000000ff500000, 0x00000000ff600000, 0x00000000ff600000|100%| E|CS|TAMS 0x00000000ff500000, 0x00000000ff500000| Complete 
|  54|0x00000000ff600000, 0x00000000ff700000, 0x00000000ff700000|100%| E|CS|TAMS 0x00000000ff600000, 0x00000000ff600000| Complete 
|  55|0x00000000ff700000, 0x00000000ff800000, 0x00000000ff800000|100%| E|CS|TAMS 0x00000000ff700000, 0x00000000ff700000| Complete 
|  56|0x00000000ff800000, 0x00000000ff900000, 0x00000000ff900000|100%| E|CS|TAMS 0x00000000ff800000, 0x00000000ff800000| Complete 
|  57|0x00000000ff900000, 0x00000000ffa00000, 0x00000000ffa00000|100%| E|CS|TAMS 0x00000000ff900000, 0x00000000ff900000| Complete 
|  58|0x00000000ffa00000, 0x00000000ffb00000, 0x00000000ffb00000|100%| E|CS|TAMS 0x00000000ffa00000, 0x00000000ffa00000| Complete 
|  59|0x00000000ffb00000, 0x00000000ffc00000, 0x00000000ffc00000|100%| E|CS|TAMS 0x00000000ffb00000, 0x00000000ffb00000| Complete 
|  60|0x00000000ffc00000, 0x00000000ffd00000, 0x00000000ffd00000|100%| E|CS|TAMS 0x00000000ffc00000, 0x00000000ffc00000| Complete 
|  61|0x00000000ffd00000, 0x00000000ffe00000, 0x00000000ffe00000|100%| E|CS|TAMS 0x00000000ffd00000, 0x00000000ffd00000| Complete 
|  62|0x00000000ffe00000, 0x00000000fff00000, 0x00000000fff00000|100%| E|CS|TAMS 0x00000000ffe00000, 0x00000000ffe00000| Complete 
|  63|0x00000000fff00000, 0x0000000100000000, 0x0000000100000000|100%| E|CS|TAMS 0x00000000fff00000, 0x00000000fff00000| Complete 

Card table byte_map: [0x000001ef851c0000,0x000001ef851e0000] _byte_map_base: 0x000001ef849e0000

Marking Bits (Prev, Next): (CMBitMap*) 0x000001ef85284458, (CMBitMap*) 0x000001ef85284498
 Prev Bits: [0x000001ef9cbd0000, 0x000001ef9ccd0000)
 Next Bits: [0x000001ef9ccd0000, 0x000001ef9cdd0000)

Polling page: 0x000001ef84a40000

Metaspace:

Usage:
  Non-class:      8.25 MB capacity,     7.67 MB ( 93%) used,   574.58 KB (  7%) free+waste,    16.81 KB ( <1%) overhead. 
      Class:      1.26 MB capacity,     1.16 MB ( 92%) used,    97.92 KB (  8%) free+waste,     9.56 KB ( <1%) overhead. 
       Both:      9.51 MB capacity,     8.83 MB ( 93%) used,   672.50 KB (  7%) free+waste,    26.38 KB ( <1%) overhead. 

Virtual space:
  Non-class space:       10.00 MB reserved,       8.25 MB ( 83%) committed 
      Class space:        1.00 GB reserved,       1.38 MB ( <1%) committed 
             Both:        1.01 GB reserved,       9.63 MB ( <1%) committed 

Chunk freelists:
   Non-Class:  512 bytes
       Class:  2.25 KB
        Both:  2.75 KB

CodeHeap 'non-profiled nmethods': size=120000Kb used=587Kb max_used=587Kb free=119412Kb
 bounds [0x000001ef95140000, 0x000001ef953b0000, 0x000001ef9c670000]
CodeHeap 'profiled nmethods': size=120000Kb used=3290Kb max_used=3290Kb free=116709Kb
 bounds [0x000001ef8dc10000, 0x000001ef8df50000, 0x000001ef95140000]
CodeHeap 'non-nmethods': size=5760Kb used=1135Kb max_used=1150Kb free=4624Kb
 bounds [0x000001ef8d670000, 0x000001ef8d8e0000, 0x000001ef8dc10000]
 total_blobs=2568 nmethods=1629 adapters=354
 compilation: enabled
              stopped_count=0, restarted_count=0
 full_count=0

Compilation events (10 events):
Event: 132.320 Thread 0x000001ef9f9d9800 nmethod 1730 0x000001ef8df42f90 code [0x000001ef8df43160, 0x000001ef8df433b0]
Event: 132.320 Thread 0x000001ef9f9d9800 1736       3       org.gradle.internal.logging.text.AbstractLineChoppingStyledTextOutput$SeenFromEol::clear (6 bytes)
Event: 132.320 Thread 0x000001ef9f9d9800 nmethod 1736 0x000001ef8df43490 code [0x000001ef8df43640, 0x000001ef8df437b8]
Event: 132.320 Thread 0x000001ef9f9d9800 1733       1       org.gradle.internal.logging.events.StyledTextOutputEvent$Span::access$000 (5 bytes)
Event: 132.320 Thread 0x000001ef9f9d9800 nmethod 1733 0x000001ef951d2310 code [0x000001ef951d24c0, 0x000001ef951d25b8]
Event: 132.320 Thread 0x000001ef9f9d9800 1734       1       org.gradle.internal.logging.events.StyledTextOutputEvent$Span::access$100 (5 bytes)
Event: 132.321 Thread 0x000001ef9f9d9800 nmethod 1734 0x000001ef951d2690 code [0x000001ef951d2840, 0x000001ef951d2938]
Event: 132.322 Thread 0x000001ef9f9d9800 1737       1       org.gradle.internal.logging.sink.GroupingProgressLogEventGenerator::access$400 (5 bytes)
Event: 132.322 Thread 0x000001ef9f9d9800 nmethod 1737 0x000001ef951d2a10 code [0x000001ef951d2bc0, 0x000001ef951d2cb8]
Event: 132.322 Thread 0x000001ef9f9d9800 1731       3       org.gradle.internal.serialize.BaseSerializerFactory$EnumSerializer::read (6 bytes)

GC Heap History (2 events):
Event: 0.627 GC heap before
{Heap before GC invocations=0 (full 0):
 garbage-first heap   total 65536K, used 27648K [0x00000000fc000000, 0x0000000100000000)
  region size 1024K, 24 young (24576K), 0 survivors (0K)
 Metaspace       used 3591K, capacity 6244K, committed 6400K, reserved 1056768K
  class space    used 460K, capacity 740K, committed 768K, reserved 1048576K
}
Event: 0.635 GC heap after
{Heap after GC invocations=1 (full 0):
 garbage-first heap   total 65536K, used 10328K [0x00000000fc000000, 0x0000000100000000)
  region size 1024K, 3 young (3072K), 3 survivors (3072K)
 Metaspace       used 3591K, capacity 6244K, committed 6400K, reserved 1056768K
  class space    used 460K, capacity 740K, committed 768K, reserved 1048576K
}

Deoptimization events (10 events):
Event: 0.590 Thread 0x000001ef85267800 Uncommon trap: reason=class_check action=maybe_recompile pc=0x000001ef9515c628 method=java.util.regex.Matcher.match(II)Z @ 121 c2
Event: 0.591 Thread 0x000001ef85267800 Uncommon trap: reason=class_check action=maybe_recompile pc=0x000001ef9515c628 method=java.util.regex.Matcher.match(II)Z @ 121 c2
Event: 0.591 Thread 0x000001ef85267800 Uncommon trap: reason=class_check action=maybe_recompile pc=0x000001ef9515c628 method=java.util.regex.Matcher.match(II)Z @ 121 c2
Event: 0.593 Thread 0x000001ef85267800 Uncommon trap: reason=unstable_if action=reinterpret pc=0x000001ef9514c384 method=java.util.regex.Pattern.has(I)Z @ 6 c2
Event: 0.596 Thread 0x000001ef85267800 Uncommon trap: reason=unstable_if action=reinterpret pc=0x000001ef95180d7c method=java.util.HashMap.hash(Ljava/lang/Object;)I @ 1 c2
Event: 0.680 Thread 0x000001ef85267800 Uncommon trap: reason=unstable_if action=reinterpret pc=0x000001ef95160540 method=java.io.WinNTFileSystem.resolve(Ljava/lang/String;Ljava/lang/String;)Ljava/lang/String; @ 70 c2
Event: 0.838 Thread 0x000001ef85267800 Uncommon trap: reason=unstable_if action=reinterpret pc=0x000001ef95199e90 method=java.util.HashMap.getNode(ILjava/lang/Object;)Ljava/util/HashMap$Node; @ 129 c2
Event: 0.971 Thread 0x000001ef85267800 Uncommon trap: reason=unstable_if action=reinterpret pc=0x000001ef951ab424 method=java.io.WinNTFileSystem.normalize(Ljava/lang/String;)Ljava/lang/String; @ 128 c2
Event: 1.348 Thread 0x000001ef85267800 Uncommon trap: reason=unstable_if action=reinterpret pc=0x000001ef95177a44 method=java.lang.AbstractStringBuilder.append(Ljava/lang/String;)Ljava/lang/AbstractStringBuilder; @ 1 c2
Event: 1.348 Thread 0x000001ef85267800 Uncommon trap: reason=unstable_if action=reinterpret pc=0x000001ef95178a9c method=java.lang.AbstractStringBuilder.append(Ljava/lang/String;)Ljava/lang/AbstractStringBuilder; @ 1 c2

Classes redefined (0 events):
No events

Internal exceptions (10 events):
Event: 0.619 Thread 0x000001ef85267800 Exception <a 'java/lang/NoClassDefFoundError'{0x00000000fe83e2b0}: org/slf4j/impl/StaticMarkerBinder> (0x00000000fe83e2b0) thrown at [t:/workspace/open/src/hotspot/share/classfile/systemDictionary.cpp, line 224]
Event: 0.641 Thread 0x000001ef85267800 Exception <a 'java/lang/NoSuchMethodError'{0x00000000fff3eb60}: java.lang.invoke.DirectMethodHandle$Holder.invokeVirtual(Ljava/lang/Object;Ljava/lang/Object;Ljava/lang/Object;Ljava/lang/Object;Ljava/lang/Object;Ljava/lang/Object;Ljava/lang/Object;)Ljava/l
Event: 0.642 Thread 0x000001ef85267800 Exception <a 'java/lang/NoSuchMethodError'{0x00000000fff51e38}: java.lang.invoke.Invokers$Holder.invoker(Ljava/lang/Object;Ljava/lang/Object;Ljava/lang/Object;)Ljava/lang/Object;> (0x00000000fff51e38) thrown at [t:/workspace/open/src/hotspot/share/interpr
Event: 0.645 Thread 0x000001ef85267800 Exception <a 'java/lang/NoSuchMethodError'{0x00000000fff61e68}: java.lang.invoke.DelegatingMethodHandle$Holder.delegate(Ljava/lang/Object;Ljava/lang/Object;ILjava/lang/Object;)V> (0x00000000fff61e68) thrown at [t:/workspace/open/src/hotspot/share/interpre
Event: 0.773 Thread 0x000001ef85267800 Exception <a 'java/lang/NoSuchMethodError'{0x00000000ff581df8}: java.lang.invoke.DirectMethodHandle$Holder.invokeStaticInit(Ljava/lang/Object;Ljava/lang/Object;Ljava/lang/Object;)Ljava/lang/Object;> (0x00000000ff581df8) thrown at [t:/workspace/open/src/ho
Event: 0.850 Thread 0x000001ef85267800 Exception <a 'java/lang/NoSuchMethodError'{0x00000000fef281a0}: java.lang.invoke.DirectMethodHandle$Holder.invokeStaticInit(Ljava/lang/Object;IIII)Ljava/lang/Object;> (0x00000000fef281a0) thrown at [t:/workspace/open/src/hotspot/share/interpreter/linkReso
Event: 1.150 Thread 0x000001ef85267800 Exception <a 'java/lang/NoSuchMethodError'{0x00000000fefe7328}: java.lang.invoke.DirectMethodHandle$Holder.invokeStaticInit(Ljava/lang/Object;Ljava/lang/Object;IIII)Ljava/lang/Object;> (0x00000000fefe7328) thrown at [t:/workspace/open/src/hotspot/share/in
Event: 1.346 Thread 0x000001ef85267800 Exception <a 'java/lang/NoSuchMethodError'{0x00000000feeae6c8}: java.lang.invoke.DirectMethodHandle$Holder.invokeSpecial(Ljava/lang/Object;Ljava/lang/Object;)V> (0x00000000feeae6c8) thrown at [t:/workspace/open/src/hotspot/share/interpreter/linkResolver.c
Event: 1.348 Thread 0x000001ef85267800 Implicit null exception at 0x000001ef951774a4 to 0x000001ef95177a2a
Event: 1.348 Thread 0x000001ef85267800 Implicit null exception at 0x000001ef95178524 to 0x000001ef95178a82

Events (10 events):
Event: 27.393 loading class java/io/ObjectInputFilter
Event: 27.393 loading class java/io/ObjectInputFilter done
Event: 27.394 loading class jdk/internal/access/JavaObjectInputFilterAccess
Event: 27.394 loading class jdk/internal/access/JavaObjectInputFilterAccess done
Event: 27.394 loading class java/io/Bits
Event: 27.394 loading class java/io/Bits done
Event: 27.395 loading class org/gradle/internal/serialize/ExceptionReplacingObjectInputStream$1
Event: 27.395 loading class org/gradle/internal/serialize/ExceptionReplacingObjectInputStream$1 done
Event: 46.817 Thread 0x000001ef85267800 DEOPT PACKING pc=0x000001ef8de5ef0a sp=0x0000009f6f3fc120
Event: 46.817 Thread 0x000001ef85267800 DEOPT UNPACKING pc=0x000001ef8d6999ce sp=0x0000009f6f3fb5b8 mode 0


Dynamic libraries:
0x00007ff6cadc0000 - 0x00007ff6cadcf000 	C:\Program Files\Java\jdk-12.0.2\bin\java.exe
0x00007ffe09c90000 - 0x00007ffe09ea7000 	C:\WINDOWS\SYSTEM32\ntdll.dll
0x00007ffe08420000 - 0x00007ffe084e4000 	C:\WINDOWS\System32\KERNEL32.DLL
0x00007ffe07610000 - 0x00007ffe079b7000 	C:\WINDOWS\System32\KERNELBASE.dll
0x00007ffe06fb0000 - 0x00007ffe070c1000 	C:\WINDOWS\System32\ucrtbase.dll
0x00007ffe01f70000 - 0x00007ffe01f88000 	C:\Program Files\Java\jdk-12.0.2\bin\jli.dll
0x00007ffdf02c0000 - 0x00007ffdf02d6000 	C:\Program Files\Java\jdk-12.0.2\bin\VCRUNTIME140.dll
0x00007ffe07b90000 - 0x00007ffe07c42000 	C:\WINDOWS\System32\ADVAPI32.dll
0x00007ffe098d0000 - 0x00007ffe09977000 	C:\WINDOWS\System32\msvcrt.dll
0x00007ffe099f0000 - 0x00007ffe09a98000 	C:\WINDOWS\System32\sechost.dll
0x00007ffe07470000 - 0x00007ffe07498000 	C:\WINDOWS\System32\bcrypt.dll
0x00007ffe08510000 - 0x00007ffe08625000 	C:\WINDOWS\System32\RPCRT4.dll
0x00007ffe09aa0000 - 0x00007ffe09c4e000 	C:\WINDOWS\System32\USER32.dll
0x00007ffdf61f0000 - 0x00007ffdf6483000 	C:\WINDOWS\WinSxS\amd64_microsoft.windows.common-controls_6595b64144ccf1df_6.0.22621.3527_none_270e469b73872a76\COMCTL32.dll
0x00007ffe07440000 - 0x00007ffe07466000 	C:\WINDOWS\System32\win32u.dll
0x00007ffe099b0000 - 0x00007ffe099d9000 	C:\WINDOWS\System32\GDI32.dll
0x00007ffe071c0000 - 0x00007ffe072d9000 	C:\WINDOWS\System32\gdi32full.dll
0x00007ffe072e0000 - 0x00007ffe0737a000 	C:\WINDOWS\System32\msvcp_win.dll
0x00007ffdffea0000 - 0x00007ffdffeaa000 	C:\WINDOWS\SYSTEM32\VERSION.dll
0x00007ffe07d20000 - 0x00007ffe07d51000 	C:\WINDOWS\System32\IMM32.DLL
0x00007ffdd3f10000 - 0x00007ffdd3fba000 	C:\Program Files\Java\jdk-12.0.2\bin\msvcp140.dll
0x00007ffdb86a0000 - 0x00007ffdb9217000 	C:\Program Files\Java\jdk-12.0.2\bin\server\jvm.dll
0x00007ffe07b20000 - 0x00007ffe07b28000 	C:\WINDOWS\System32\PSAPI.DLL
0x00007ffe01f60000 - 0x00007ffe01f69000 	C:\WINDOWS\SYSTEM32\WSOCK32.dll
0x00007ffe00810000 - 0x00007ffe00844000 	C:\WINDOWS\SYSTEM32\WINMM.dll
0x00007ffe07c50000 - 0x00007ffe07cc1000 	C:\WINDOWS\System32\WS2_32.dll
0x00007ffe06040000 - 0x00007ffe06058000 	C:\WINDOWS\SYSTEM32\kernel.appcore.dll
0x00007ffdeaad0000 - 0x00007ffdeaae1000 	C:\Program Files\Java\jdk-12.0.2\bin\verify.dll
0x00007ffdff210000 - 0x00007ffdff442000 	C:\WINDOWS\SYSTEM32\DBGHELP.DLL
0x00007ffe08e90000 - 0x00007ffe09218000 	C:\WINDOWS\System32\combase.dll
0x00007ffe082e0000 - 0x00007ffe083b7000 	C:\WINDOWS\System32\OLEAUT32.dll
0x00007ffde74f0000 - 0x00007ffde7522000 	C:\WINDOWS\SYSTEM32\dbgcore.DLL
0x00007ffe070d0000 - 0x00007ffe07149000 	C:\WINDOWS\System32\bcryptPrimitives.dll
0x00007ffde9400000 - 0x00007ffde9426000 	C:\Program Files\Java\jdk-12.0.2\bin\java.dll
0x00007ffdeaab0000 - 0x00007ffdeaac7000 	C:\Program Files\Java\jdk-12.0.2\bin\zip.dll
0x00007ffe019b0000 - 0x00007ffe019ba000 	C:\Program Files\Java\jdk-12.0.2\bin\jimage.dll
0x00007ffe08630000 - 0x00007ffe08e8c000 	C:\WINDOWS\System32\SHELL32.dll
0x00007ffe04ef0000 - 0x00007ffe057e6000 	C:\WINDOWS\SYSTEM32\windows.storage.dll
0x00007ffe04db0000 - 0x00007ffe04eee000 	C:\WINDOWS\SYSTEM32\wintypes.dll
0x00007ffe09220000 - 0x00007ffe09315000 	C:\WINDOWS\System32\SHCORE.dll
0x00007ffe07b30000 - 0x00007ffe07b8e000 	C:\WINDOWS\System32\shlwapi.dll
0x00007ffe06ee0000 - 0x00007ffe06f01000 	C:\WINDOWS\SYSTEM32\profapi.dll
0x00007ffdea9c0000 - 0x00007ffdea9d9000 	C:\Program Files\Java\jdk-12.0.2\bin\net.dll
0x00007ffdfe870000 - 0x00007ffdfea60000 	C:\WINDOWS\SYSTEM32\urlmon.dll
0x00007ffe01fc0000 - 0x00007ffe020f6000 	C:\WINDOWS\SYSTEM32\WINHTTP.dll
0x00007ffdfaec0000 - 0x00007ffdfaee8000 	C:\WINDOWS\SYSTEM32\srvcli.dll
0x00007ffe05b70000 - 0x00007ffe05b7c000 	C:\WINDOWS\SYSTEM32\netutils.dll
0x00007ffdfaf30000 - 0x00007ffdfb1ee000 	C:\WINDOWS\SYSTEM32\iertutil.dll
0x00007ffe064b0000 - 0x00007ffe06519000 	C:\WINDOWS\system32\mswsock.dll
0x00007ffde93e0000 - 0x00007ffde93f3000 	C:\Program Files\Java\jdk-12.0.2\bin\nio.dll
0x00007ffde8680000 - 0x00007ffde86a7000 	C:\Users\User\.gradle\native\68d5fa5c4cc2d200863cafc0d521ce42e7d3e7ee720ec0a83991735586a16f82\windows-amd64\native-platform.dll
0x00007ffdf4020000 - 0x00007ffdf402a000 	C:\Users\User\.gradle\native\jansi\1.18\windows64\jansi.dll
0x00007ffdeb7d0000 - 0x00007ffdeb7d9000 	C:\Program Files\Java\jdk-12.0.2\bin\management.dll
0x00007ffde93d0000 - 0x00007ffde93dc000 	C:\Program Files\Java\jdk-12.0.2\bin\management_ext.dll
0x00007ffe06720000 - 0x00007ffe0673b000 	C:\WINDOWS\SYSTEM32\CRYPTSP.dll
0x00007ffe05f30000 - 0x00007ffe05f65000 	C:\WINDOWS\system32\rsaenh.dll
0x00007ffe065b0000 - 0x00007ffe065d8000 	C:\WINDOWS\SYSTEM32\USERENV.dll
0x00007ffe06710000 - 0x00007ffe0671c000 	C:\WINDOWS\SYSTEM32\CRYPTBASE.dll
0x00007ffe05a40000 - 0x00007ffe05a6d000 	C:\WINDOWS\SYSTEM32\IPHLPAPI.DLL
0x00007ffe09700000 - 0x00007ffe09709000 	C:\WINDOWS\System32\NSI.dll
0x00007ffe01800000 - 0x00007ffe01819000 	C:\WINDOWS\SYSTEM32\dhcpcsvc6.DLL
0x00007ffe01180000 - 0x00007ffe0119f000 	C:\WINDOWS\SYSTEM32\dhcpcsvc.DLL
0x00007ffe05a70000 - 0x00007ffe05b68000 	C:\WINDOWS\SYSTEM32\DNSAPI.dll

dbghelp: loaded successfully - version: 4.0.5 - missing functions: none
symbol engine: initialized successfully - sym options: 0x614 - pdb path: .;C:\Program Files\Java\jdk-12.0.2\bin;C:\WINDOWS\SYSTEM32;C:\WINDOWS\WinSxS\amd64_microsoft.windows.common-controls_6595b64144ccf1df_6.0.22621.3527_none_270e469b73872a76;C:\Program Files\Java\jdk-12.0.2\bin\server;C:\Users\User\.gradle\native\68d5fa5c4cc2d200863cafc0d521ce42e7d3e7ee720ec0a83991735586a16f82\windows-amd64;C:\Users\User\.gradle\native\jansi\1.18\windows64

VM Arguments:
jvm_args: -Xmx64m -Xms64m -Dorg.gradle.appname=gradlew 
java_command: org.gradle.wrapper.GradleWrapperMain assembleRelease
java_class_path (initial): D:\Project 2\Karaoke\Karaoke\android\\gradle\wrapper\gradle-wrapper.jar
Launcher Type: SUN_STANDARD

[Global flags]
     intx CICompilerCount                          = 4                                         {product} {ergonomic}
     uint ConcGCThreads                            = 3                                         {product} {ergonomic}
     uint G1ConcRefinementThreads                  = 10                                        {product} {ergonomic}
   size_t G1HeapRegionSize                         = 1048576                                   {product} {ergonomic}
    uintx GCDrainStackTargetSize                   = 64                                        {product} {ergonomic}
   size_t InitialHeapSize                          = 67108864                                  {product} {command line}
   size_t MarkStackSize                            = 4194304                                   {product} {ergonomic}
   size_t MaxHeapSize                              = 67108864                                  {product} {command line}
   size_t MaxNewSize                               = 39845888                                  {product} {ergonomic}
   size_t MinHeapDeltaBytes                        = 1048576                                   {product} {ergonomic}
    uintx NonNMethodCodeHeapSize                   = 5836300                                {pd product} {ergonomic}
    uintx NonProfiledCodeHeapSize                  = 122910970                              {pd product} {ergonomic}
    uintx ProfiledCodeHeapSize                     = 122910970                              {pd product} {ergonomic}
    uintx ReservedCodeCacheSize                    = 251658240                              {pd product} {ergonomic}
     bool SegmentedCodeCache                       = true                                      {product} {ergonomic}
     bool UseCompressedClassPointers               = true                                 {lp64_product} {ergonomic}
     bool UseCompressedOops                        = true                                 {lp64_product} {ergonomic}
     bool UseG1GC                                  = true                                      {product} {ergonomic}
     bool UseLargePagesIndividualAllocation        = false                                  {pd product} {ergonomic}

Logging:
Log output configuration:
 #0: stdout all=warning uptime,level,tags
 #1: stderr all=off uptime,level,tags

Environment Variables:
JAVA_HOME=C:\Program Files\Java\jdk-12.0.2
CLASSPATH=D:\Project 2\Karaoke\Karaoke\android\\gradle\wrapper\gradle-wrapper.jar
PATH=C:\Program Files (x86)\Common Files\Oracle\Java\javapath;C:\WINDOWS\system32;C:\WINDOWS;C:\WINDOWS\System32\Wbem;C:\WINDOWS\System32\WindowsPowerShell\v1.0\;C:\WINDOWS\System32\OpenSSH\;C:\Program Files (x86)\Yarn\bin\;C:\Users\User\Downloads\platform-tools_r29.0.5-windows\platform-tools;C:\Program Files\Java\jdk-12.0.2\bin;C:\Program Files\nodejs\;C:\Program Files\TortoiseHg\;C:\Program Files\Git\cmd;C:\Program Files\NVIDIA Corporation\NVIDIA NvDLISR;C:\Program Files (x86)\NVIDIA Corporation\PhysX\Common;C:\Program Files\dotnet\;C:\Program Files\Grass Valley\Chorus Hub\Tools\CLI\;C:\Users\User\AppData\Local\Microsoft\WindowsApps;C:\Users\User\AppData\Local\Yarn\bin;C:\Users\User\AppData\Local\Programs\Microsoft VS Code\bin;C:\Program Files\Java\jdk-12.0.2\bin;C:\Program Files\OpenSSL-Win64\bin;C:\Users\User\AppData\Roaming\npm
USERNAME=User
OS=Windows_NT
PROCESSOR_IDENTIFIER=AMD64 Family 23 Model 96 Stepping 1, AuthenticAMD



---------------  S Y S T E M  ---------------

OS: Windows 10 , 64 bit Build 22621 (10.0.22621.3527)

CPU:total 12 (initial active 12) (12 cores per cpu, 2 threads per core) family 23 model 96 stepping 1, cmov, cx8, fxsr, mmx, sse, sse2, sse3, ssse3, sse4.1, sse4.2, popcnt, avx, avx2, aes, clmul, mmxext, 3dnowpref, lzcnt, sse4a, ht, tsc, tscinvbit, tscinv, bmi1, bmi2, adx, sha, fma

Memory: 4k page, system-wide physical 7598M (953M free)
TotalPageFile size 24413M (AvailPageFile size 671M)
current process WorkingSet (physical memory assigned to process): 26M, peak: 91M
current process commit charge ("private bytes"): 161M, peak: 165M

vm_info: Java HotSpot(TM) 64-Bit Server VM (12.0.2+10) for windows-amd64 JRE (12.0.2+10), built on Jul 16 2019 01:56:17 by "mach5one" with MS VC++ 15.5 (VS2017)

END.
